<?xml version="1.0" encoding="UTF-8"?>
<testsuite xmlns:xsi="http://www.w3.org/2001/XMLSchema-instance" xsi:noNamespaceSchemaLocation="https://maven.apache.org/surefire/maven-surefire-plugin/xsd/surefire-test-report.xsd" name="runner.MyRunnerTest" time="199.222" tests="8" errors="0" skipped="0" failures="0">
  <properties>
[...]
</properties>
  <testcase name="Login with valid credentials #1" classname="user Login funcationlity" time="25.635"/>
  <testcase name="Login with valid credentials #2" classname="user Login funcationlity" time="22.762"/>
  <testcase name="Login with valid credentials #3" classname="user Login funcationlity" time="23.495"/>
  <testcase name="Login with valid credentials #4" classname="user Login funcationlity" time="23.932"/>
  <testcase name="Login with invalid credentials" classname="user Login funcationlity" time="26.425"/>
  <testcase name="Login with valid email and invalid password" classname="user Login funcationlity" time="25.76"/>
  <testcase name="Login with invalid email and valid password" classname="user Login funcationlity" time="25.119"/>
  <testcase name="Login without credentials" classname="user Login funcationlity" time="25.176"/>
</testsuite>